[    0.000000] Initializing cgroup subsys cpuset
[    0.000000] Initlizing cgroup subsys cpu
[    0.000000] Initializing cgroup subsys cpuacct
[    0.000000] Linux version 4.4.0-128-generi(buildd@lcy01-amd64-0)) (gcc version 5.4.0 20160609 (Ubuntu 5.4.0-6ubuntu1~16.04.9) ) #154-Ubuntu SMP Fri May 25 14:15:18 UTC 2018 (Ubuntu 4.4.0-128.154-generic 4.4.131)
[    0.000000] Command line: BOOT_IMAGE=/boot/vmlinuz-4.4.0-128-generic root=LABEL=cloudimg-rootfs ro console=tty1 consolety0
[    0.000000] KERNEL supote cus:
  .000000]  Inel GenuineIntel
[    000000]   AMD AutenticMD
[    0.000000]   Centaur CentaurHauls
[    0.000000] x86/fpu: xstate_offset[2]:  576, xstate_sizes[2]: 25
[    0.0000000 x6/pu Supporting XSAVE feature 0x01: 'x87 floating pont reisters'
[    0.000000] x86/fpu: SupportinXSAVE feature 0x02: 'SSE registers'
[    0.000000] x86/fp: pporting XSAVE feature 0x04: 'AVX registers'
[    0.000000] x86/fpu: Enabled xstate features 0x7, context size is 832 bytes, using 'standard' format.
[    0.000000] x86/fpu: Using 'lazy' FPU context switches.
[    0.000000] e820: BIOS-provided physical RAM map:
[    0.000000] BIOS-e820: [mem 0x0000000000000000-0x000000000009fbff] usable
[    0.000000] BIOS-e820: [mem 0x000000000009fc00-0x000000000009ffff] reserved
[    0.000000] BIOS-e820: [mem 0x000000000000-0x00000000000fffff] reserved
[    0.000000] BIOS-e820: [mem 0x0000000000100000-0x000000ffeffff] usable
[    0.000000] BIOS-e820: [mem 0x000000003fff0000-0x000000003fffffff] ACPI data
[    0.000000] BIOS-e820: [mem 0x00000000fec00000-0x00000000fec00fff] reerve
[   0000000] BIOS-e820: [mem 0000000fee00000-0x00000000fee00fff] reserve
[    0.000000BIOS-e820: [mem 0x00000000fffc0000-0x00000000ffffffff] reserved
[    0.000000] NX (Execute Disable) protection: active
[    0.000000] SMBIOS 2.5 present.
[    0.000000] Hypervisor detected: KVM
[    0.000000] e820: last_pf = 0x3fff0 max_arch_pfn = 0x400000000
[   0.000000] MTRR: Disabled
[    0.000000] x86/PAT: MTRRs disabled, skipping PAT initialization too.
[    0.000000] CPU MTRRs all blank - virtualized system.
[    0.000000] x86/PAT: Configuration [0-7]: WB  WT  UC- UC  WB  WT  UC- UC  
[    0.000000] found SMP MP-table at [mem 0x0009fff0-0x0009ffff] maped at [ffff88000009ff0]
[    0.000000] Scanning1 areas for low memory corruption
[    0.000000] RAMDISK: [mem 0x36aa4000-0x37549fff]
[    0.000000] ACPI: Early table checksum verification disabled
[    0.000000] ACPI: RSDP 0x00000000000E0000 000024 (v02 VBOX  )
[    0.000000] ACPI: XSDT 0x000000003FFF0030 00003C (v01 VBOX   VBOXXSDT 0000001 ASL  00000061)
[   0.000000] ACPI: FACP 0x000000003FFF00F0 0000F4 v04 VBOX  BOXFCP 00000001 ASL  00000061)
[    0.000000] ACPI: DSDT 0x000000003FFF0470 0021FF (v02 VBOX   VBOXBIOS 00000002 INTL 20100528)
[    0.000000] ACPI: FACS 0x000000003FFF0200 000040
[    0.000000] ACPI: FACS 0x000000003FFF0200 000040
[    0.000000] ACPI: APIC 0x000000003FFF0240 00005C (v VBOX   VBOXAPIC 00000001ASL  00000061)
[    0.000000] ACPI: SSDT 0x000000003FFF02A0 0001CC (v01 VBOX   VBOXCPUT 00000002 INTL 20100528)
[    0.000000] No NUMA configuration found
[    0.000000] Faking a node at [mem 0x0000000000000000-0x000000003ffeffff]
[    0.000000] NO_DTA(0) llocated [mem 0x3ffeb000-0x3ffeffff]
[    0.000000] kvm-clock: Using msrs 4b564d01 and 4b564d00
[    0.000000] kvclock: cpu 0, mr 0:3ffe001,prmary cpu clock
[    0.000000] kvm-clock: using sched offset of 3575620752 cycles
[    0.000000] clocksource: kvm-clock: mask: 0xffffffffffffffff max_cycles: 0x1cd42e4dffb, max_idle_ns: 881590591483 ns
[    0.000000] Zone ranges:
[    0.000000]   DMA      [mem 0x0000000000001000-0x0000000000fffff]
[    0.000000]   DMA32    [mem 0x0000000001000000-0x000000003ffeffff]
[    0.000000]   Normal   empty
[    0.000000]   Device  emty
[   0.00000] Movablezoe start for each node
[    0.000000] Early memory node ranges
[    0.000000]   node   0: [mem 0x0000000000001000-0x000000000009efff]
[    0.000000]   node   0: [mem 0x0000000000100000-0x000000003ffeffff]
[    0.000000] Initmem setup node 0 [mem 0x0000000000001000-0x000000003ffeffff]
[    0.000000] ACPI PM-Timer IO Port: 0x4008
[    0.000000] IOAPIC[0]: apicd 2, version 32, address 0xfec00000, GSI 0-23
[    0.000000] ACPI: INT_SRC_OVR (bus 0 bus_irq 0 global_irq 2 dfl dfl)
[    0.000000] ACPI: INT_SRC_OVR (bus 0 bus_irq 9 global_irq 9 low level)
[    0.000000] Using ACPI (MADT) for SMP configuration information
[    0.000000] smpboot: Allowing 2 CPUs, 0 hotplug CPUs
[    0.000000] PM: Registered nosave memory: [mem 0x00000000-0x00000fff
[    0.00000] PM: Registered nosave memory: [mem 0x0009f000-0x0009ffff]
[    0.000000] PM: Registered nosave memory: [mem 0x000a0000-0x000effff][   .000000] M: Risered nosave memory[mm x000f0000-0x000fffff]
[    0.000000] e820: [mem 0x40000000-0xfebfffff] ailable for PCI devices
[    0.000000] ooting aravirtualized kernel on KVM
[    0.000000] clocksource: refind-jifie mask: 0xffffffff max_cycles: 0xffffffff, max_idle_ns: 7645519600211568 ns
[    0.000000] setup_percpu: NR_CPUS:512 nr_cpumask_bits:512 nr_cpu_ids:2 nr_node_ids:1
[    0.0000] PERCPU: Embedded 34 pages/cpu @ffff88003fc0000s99544 r8192 d31528 u1048576
[    0.000000] PV qspinlock hash table entries: 256(order 04096 bytes
[  0000000] Built 1 zonelists in Node order,obility grouping on.  Total pages: 257912
[   0.000000] Policy zone: DMA32
[    0.000000] Kernel command line: BOOT_IMAGE=/boot/vmlinuz-4.4.0-128-generic root=LABEL=cloudimg-rootfs ro console=tty1 console=ttyS0
[    0.0000] D hash table entries: 4096 (order: 3, 32768 bytes)
[    0.000000] Memory: 1001616K/1048120K available (8541K kernel code, 1313K rwdata, 4000K rodata, 1512K init, 1316K bss, 46504K reserved, 0K cm-reserved)
[    0.00000] SLUB: HWalign=64, Order=0-3, MinObjects=0, CPUs=2, Nodes=1
[  .000000] Kernel/User page tables isolation: enabled
[    0.000000] Hierarchical RCU implementation.
[    0.000000] 	Build-time adjustment of leaf fanout to 64.
[    0.000000] CUrestricting CPUs from NR_CPUS=512 to nr_cu_ds2.
[    0.000000] RCU: Adjusting geometryfor rcu_fanout_le=6, nr_cpu_ids=2
[    0.00000 N_IQS:33024 nr_irqs:440 16
[    0.000000] Console: colour VGA+ 80x25
[    0.000000] console [tty1] enabled
[    0.000000] conle [yS0] enabled
[    0.000000] tsc: Detected 33.8 MHz processor
[    2.521043] Calibrating delay loop (skipped) preset value.. 7007.99 BogoMIPS (lpj=14015992)
[    2.535720] pid_max: default: 32768 minimum: 301
[    2.555221] ACPI: Core revision 20150930
[    2.557254] ACPI: 2 ACPI AML tables successfully acquired and loaded
[    2.558954] Security Framework initialized
[    2.560097] Yama: becoming mindful.
[    2.561078] AppArmor: AppArmor initialized
[    2.580504] Dentry cache hash table entries: 131072 (order: 8, 1048576 bytes)
[    2.615400] Inode-cache hash table entries: 65536 (order: 7, 524288 bytes)
[    2.630862] Mount-cache hash table entries: 2048 (order: 2, 16384 bytes)
[    2.635305] Mountpoint-cache hash table entries: 2048 (order: 2, 16384 bytes)
[    2.647628] Initializing cgroup subsys io
[    2.648651] Initializing cgroup subsys memory
[    2.650306] Initializing cgroup subsys devices
[    2.652202] Initializing cgroup subsys freezer
[    2.667986] Initializing cgroup subsys net_cls
[    2.698009] Initializing cgroup subsys perf_event
[    2.718714] Initializing cgroup subsys net_prio
[    2.741370] Initializing cgroup subsys hugetlb
[    2.742545] Initializing cgroup subsys pids
[    2.749597] CPU: Physical Processor ID: 0
[    2.757111] CPU: Processor Core ID: 0
[    2.759020] mce: CPU supports 0 MCE banks
[    2.760050] Last level iTLB entries: 4KB 64, 2MB 8, 4MB 8
[    2.761398] Last level dTLB entries: 4KB 64, 2MB 0, 4MB 0, 1GB 4
[    2.762819] Spectre V2 : Mitigation: Full generic retpoline
[    2.764513] Spectre V2 : Speculation control IBPB not-supported IBRS not-supported
[    2.780081] Spectre V2 : Filling RSB on context switch
[    2.800905] Speculative Store Bypass: Vulnerable
[    2.835965] Freeing SMP alternatives memory: 32K
[    2.864214] ftrace: allocating 32236 entries in 126 pages
[    2.948127] smpboot: APIC(0) Converting physical 0 to logical package 0
[    2.994738] smpboot: Max logical packages: 1
[    3.003693] x2apic enabled
[    3.025023] Switched APIC routing to physical x2apic.
[    3.042974] ..TIMER: vector=0x30 apic1=0 pin1=2 apic2=-1 pin2=-1
[    3.169211] smpboot: CPU0: Intel(R) Core(TM) i7-7567U CPU @ 3.50GHz (family: 0x6, model: 0x8e, stepping: 0x9)
[    3.177123] Performance Events: unsupported p6 CPU model 142 no PMU driver, software events only.
[    3.187570] KVM setup paravirtual spinlock
[    3.191556] x86: Booting SMP configuration:
[    3.210295] .... node  #0, CPUs:      #1
[    3.219252] kvm-clock: cpu 1, msr 0:3ffe3041, secondary cpu clock
[    3.259083] mce: CPU supports 0 MCE banks
[    3.261908] x86: Booted up 1 node, 2 CPUs
[    3.272240] smpboot: Total of 2 processors activated (14015.99 BogoMIPS)
[    3.274418] devtmpfs: initialized
[    3.280341] evm: security.selinux
[    3.291114] evm: security.SMACK64
[    3.295832] evm: security.SMACK64EXEC
[    3.302856] evm: security.SMACK64TRANSMUTE
[    3.307077] evm: security.SMACK64MMAP
[    3.313660] evm: security.ima
[    3.322823] evm: security.capability
[    3.331286] clocksource: jiffies: mask: 0xffffffff max_cycles: 0xffffffff, max_idle_ns: 7645041785100000 ns
[    3.373872] futex hash table entries: 512 (order: 3, 32768 bytes)
[    3.375934] pinctrl core: initialized pinctrl subsystem
[    3.401080] RTC time: 18:34:00, date: 08/21/18
[    3.408063] NET: Registered protocol family 16
[    3.423419] cpuidle: using governor ladder
[    3.459774] cpuidle: using governor menu
[    3.480340] PCCT header not found.
[    3.481421] ACPI: bus type PCI registered
[    3.495391] acpiphp: ACPI Hot Plug PCI Controller Driver version: 0.5
[    3.503518] PCI: Using configuration type 1 for base access
[    3.525321] ACPI: Added _OSI(Module Device)
[    3.540506] ACPI: Added _OSI(Processor Device)
[    3.552319] ACPI: Added _OSI(3.0 _SCP Extensions)
[    3.571871] ACPI: Added _OSI(Processor Aggregator Device)
[    3.580664] ACPI: Executed 1 blocks of module-level executable AML code
[    3.603125] ACPI: Interpreter enabled
[    3.610866] ACPI: (supports S0 S5)
[    3.611911] ACPI: Using IOAPIC for interrupt routing
[    3.613490] PCI: Using host bridge windows from ACPI; if necessary, use "pci=nocrs" and report a bug
[    3.653635] ACPI: PCI Root Bridge [PCI0] (domain 0000 [bus 00-ff])
[    3.662410] acpi PNP0A03:00: _OSC: OS supports [ASPM ClockPM Segments MSI]
[    3.688018] acpi PNP0A03:00: _OSC: not requesting OS control; OS requires [ExtendedConfig ASPM ClockPM MSI]
[    3.713535] acpi PNP0A03:00: fail to add MMCONFIG information, can't access extended PCI configuration space under this bridge.
[    3.729259] PCI host bridge to bus 0000:00
[    3.765364] pci_bus 0000:00: root bus resource [io  0x0000-0x0cf7 window]
[    3.800874] pci_bus 0000:00: root bus resource [io  0x0d00-0xffff window]
[    3.819830] pci_bus 0000:00: root bus resource [mem 0x000a0000-0x000bffff window]
[    3.823350] pci_bus 0000:00: root bus resource [mem 0x40000000-0xfdffffff window]
[    3.846884] pci_bus 0000:00: root bus resource [bus 00-ff]
[    3.853783] pci 0000:00:01.1: legacy IDE quirk: reg 0x10: [io  0x01f0-0x01f7]
[    3.878021] pci 0000:00:01.1: legacy IDE quirk: reg 0x14: [io  0x03f6]
[    3.904144] pci 0000:00:01.1: legacy IDE quirk: reg 0x18: [io  0x0170-0x0177]
[    3.923783] pci 0000:00:01.1: legacy IDE quirk: reg 0x1c: [io  0x0376]
[    3.940788] pci 0000:00:07.0: quirk: [io  0x4000-0x403f] claimed by PIIX4 ACPI
[    3.948682] pci 0000:00:07.0: quirk: [io  0x4100-0x410f] claimed by PIIX4 SMB
[    3.979591] ACPI: PCI Interrupt Link [LNKA] (IRQs 5 9 10 *11)
[    4.002141] ACPI: PCI Interrupt Link [LNKB] (IRQs 5 9 *10 11)
[    4.022785] ACPI: PCI Interrupt Link [LNKC] (IRQs 5 *9 10 11)
[    4.054271] ACPI: PCI Interrupt Link [LNKD] (IRQs 5 9 10 *11)
[    4.086288] ACPI: Enabled 2 GPEs in block 00 to 07
[    4.102553] vgaarb: setting as boot device: PCI:0000:00:02.0
[    4.146920] vgaarb: device added: PCI:0000:00:02.0,decodes=io+mem,owns=io+mem,locks=none
[    4.149369] vgaarb: loaded
[    4.158637] vgaarb: bridge control possible 0000:00:02.0
[    4.179196] SCSI subsystem initialized
[    4.190470] ACPI: bus type USB registered
[    4.197409] usbcore: registered new interface driver usbfs
[    4.209047] usbcore: registered new interface driver hub
[    4.221505] usbcore: registered new device driver usb
[    4.224442] PCI: Using ACPI for IRQ routing
[    4.225942] NetLabel: Initializing
[    4.226974] NetLabel:  domain hash size = 128
[    4.227904] NetLabel:  protocols = UNLABELED CIPSOv4
[    4.231385] NetLabel:  unlabeled traffic allowed by default
[    4.256012] amd_nb: Cannot enumerate AMD northbridges
[    4.260178] clocksource: Switched to clocksource kvm-clock
[    4.291672] AppArmor: AppArmor Filesystem Enabled
[    4.295422] pnp: PnP ACPI init
[    4.303504] p:PnP ACPI: found 3 devices

[    4.399288] locksource: acpi_pm: mask: 0xffffff max_cycles: 0xffffff, max_idle_ns: 2057104 s[    4.576401] NET: Registered protocol family 2

[   4.6077] P stablished hash table entries: 8192 (orde 4 636bytes)
[    4.901316] TCP bind hash table entries: 8192 (order: 5, 131072 bytes)
[    4.903182] CP Hh able cnfiged(eabished 8192 bind192)
[   .289256] UDP hash table entries: 512 (order: 2, 16384 bytes)
[    5.342284] UDP-Lite hash table entries: 512 (order: 2, 16384 bytes)
[    5.343873] NET: Registered protocol family 1
[    5.345059] pci 0000:00:00.0: Limiting direct PCI/PCI transfers
[    5.346646] pci 0000:00:01.0: Activating ISA DMA hang workarounds
[    5.348397] Unpacking initramfs...

[    7.027722] Freeing initrd memory: 10904K
[    7.047191] platform rtc_cmos: registered platform RTC device (no PNP device found)
[    7.078513] Scanning for low memory corruption every 60 seconds
[    7.124964] audit: initializing netlink subsys (disabled)
[    7.136359] audit: type=2000 audit(1534876445.890:1): initialized
[    7.138099] Initialise system trusted keyring
[    7.176016] HugeTLB registered 2 MB page size, pre-allocated 0 pages
[    7.205725] zbud: loaded
[    7.214777] VFS: Disk quotas dquot_6.6.0
[    7.217561] VFS: Dquot-cache hash table entries: 512 (order 0, 4096 bytes)
[    7.266660] squashfs: version 4.0 (2009/01/31) Phillip Lougher
[    7.287517] fuse init (API version 7.23)
[    7.316922] Key type big_key registered
[    7.318115] Allocating IMA MOK and blacklist keyrings.
[    7.335300] Key type asymmetric registered
[    7.350769] Asymmetric key parser 'x509' registered
[    7.379750] Block layer SCSI generic (bsg) driver version 0.4 loaded (major 249)
[    7.411252] io scheduler noop registered
[    7.429536] io scheduler deadline registered (default)
[    7.435506] io scheduler cfq registered
[    7.436902] pci_hotplug: PCI Hot Plug PCI Core version: 0.5
[    7.455637] pciehp: PCI Express Hot Plug Controller Driver version: 0.4
[    7.477167] ACPI: AC Adapter [AC] (off-line)
[    7.483765] input: Power Button as /devices/LNXSYSTM:00/LNXPWRBN:00/input/input0
[    7.498272] ACPI: Power Button [PWRF]
[    7.501439] input: Sleep Button as /devices/LNXSYSTM:00/LNXSLPBN:00/input/input1
[    7.509079] ACPI: Sleep Button [SLPF]
[    7.546145] ACPI: Battery Slot [BAT0] (battery present)
[    7.552318] GHES: HEST is not enabled!
[    7.556453] Serial: 8250/16550 driver, 32 ports, IRQ sharing enabled
[    7.608893] 00:02: ttyS0 at I/O 0x3f8 (irq = 4, base_baud = 115200) is a 16550A
[    7.618230] Linux agpgart interface v0.103
[    7.656911] loo: mole loaded

[    7.730737] scsi host0: ata_pii

[    7.77918]sci ost1: atpix
[   8.005472] ata1: PATA max UDMA/33 cmd 0x1f0 ctl 0x3f6 bmdma 0xd000 irq 14
[    8.5204 tsc: Refined TC ocksource calibration: 3505.297 MHz
[    8.045209] clocksource: tsc: mask: 0xffffffffffffffff max_cycles: 0x3286dc75cbb, max_idle_ns: 440795233822 ns
[    8.200537] ata2: PATA max UDMA/33 cmd 0x170 ctl 0x376 bmdma 0xd008 irq 15

[    8.202331] libphy: Fixed MDIO Bus: probed
[    8.204671] tun Universal TUN/TAP device driver, 1.6
[    8.230268] tun: (C) 1999-204MaKrsnyansy maxk@qualcomm.com>
[    43236] PPP generic drivr erio 2.2

[    8.645880] ehci_hcd: USB.0 'Enhanced' Host Controller (EHCI) Driver
[    8.704905] ehci-pci: EHCI PCI plaform driver
[    8.772113] ehci-platform: EHCI genri platform driver
[    8.8119 oi_hc: SB 1.1 'Open' Host Controller (OHCI) Driver
[   .970003] ohci-pi: OHCI PCI platform driver
[    9.047589] ohci-platform: OHCI generic platform driver
[    9.077232] uhci_hcd: USB Universal Host Controller Interface driver
[    9.092700] i8042: PNP: PS/2 Controller [PNP0303:PS2K,PNP0f03:PS2M] at 0x60,0x64 irq 1,12
[    9.139260] serio: i8042 KBD port at 0x60,0x64 irq 1
[    9.5688 sio: i8042 AUX porat0x60,0x64 irq 12
[    9.336284] mousedev: PS/2 mouse device common for all mice
[    9.343901] np: AT Translate S 2 keyboard asdeices/platformi842seio0/input/input2

[    9.663493] rtc_cmos rtc_cmos: rtc core: registered rtc_cmos as rtc0
[    9.702042] rtc_cmos rtc_cmos: alarms up to one day, 114 bytes nvram
[    9.715061] i2c /dev entries driver
[    9.725405] device-mapper: uevent: version 1.0.3
[    9.765410] device-mapper: ioctl: 4.34.0-ioctl (2015-10-28) initialised: dm-devel@redhat.com
[    9.776507] ledtrig-cpu: registered to indicate activity on CPUs
[    9.795131] NET: Registered protocol family 10
[    9.796695] NET: Registered protocol family 17
[    9.805679] Key type dns_resolver registered
[    9.813667] registered taskstats version 1
[    9.822306] Loading compiled-in X.509 certificates
[    9.826935] Loaded X.509 cert 'Build time autogenerated kernel key: fc7b57a7df019f2655f66a8a374d74ee8f4999fc'
[    9.836667] zswap: loaded using pool lzo/zbud
[    9.843029] Key type trusted registered
[    9.851440] Key type encrypted registered
[    9.865320] AppArmor: AppArmor sha1 policy hashing enabled
[    9.914696] ima: No TPM chip found, activating TPM-bypass!
[    9.919225] evm: HMAC attrs: 0x1
[    9.937126]   Magic number: 14:529:595
[    9.938210] rtc_cmos rtc_cmos: setting system clock to 2018-08-21 18:34:07 UTC (1534876447)
[    9.977131] BIOS EDD facility v0.16 2004-Jun-25, 0 devices found
[    9.979731] EDD information not available.
[   10.009616] Freeing unused kernel memory: 1512K
[   10.032622] Write protecting the kernel read-only data: 14336k
[   10.066104] Freeing unused kernel memory: 1688K
[   10.067892] Freeing unused kernel memory: 96K
Loading, please wait...
starting version 229
[   10.108757] random: systemd-udevd: uninitialized urandom read (16 bytes read, 3 bits of entropy available)
[   10.109569] random: udevadm: uninitialized urandom read (16 bytes read, 3 bits of entropy available)
[   10.109591] random: udevadm: uninitialized urandom read (16 bytes read, 3 bits of entropy available)
[   10.115434] random: udevadm: uninitialized urandom read (16 bytes read, 3 bits of entropy available)
[   10.115466] random: udevadm: uninitialized urandom read (16 bytes read, 3 bits of entropy available)
[   10.115557] random: udevadm: uninitialized urandom read (16 bytes read, 3 bits of entropy available)
[   10.115590] random: udevadm: uninitialized urandom read (16 bytes read, 3 bits of entropy available)
[   10.115621] random: udevadm: uninitialized urandom read (16 bytes read, 3 bits of entropy available)
[   10.115653] random: udevadm: uninitialized urandom read (16 bytes read, 3 bits of entropy available)
[   10.115685] random: udevadm: uninitialized urandom read (16 bytes read, 3 bits of entropy available)
[   10.239977] e1000: Intel(R) PRO/1000 Network Driver - version 7.3.21-k8-NAPI
[   10.267444] e1000: Copyright (c) 1999-2006 Intel Corporation.
[   10.278265] Fusion MPT base driver 3.04.20
[   10.279576] Copyright (c) 1999-2008 LSI Corporation
[   10.303420] Fusion MPT SPI Host driver 3.04.20
[   10.327896] AVX2 version of gcm_enc/dec engaged.
[   10.329164] AES CTR mode by8 optimization enabled
[   10.505285] input: ImExPS/2 Generic Explorer Mouse as /devices/platform/i8042/serio1/input/input4
[   10.681057] e1000 0000:00:03.0 eth0: (PCI:33MHz:32-bit) 02:40:c1:fa:9b:f5
[   10.695431] e1000 0000:00:03.0 eth0: Intel(R) PRO/1000 Network Connection
[   10.709717] e1000 0000:00:03.0 enp0s3: renamed from eth0
[   10.725433] mptbase: ioc0: Initiating bringup
[   10.824785] ioc0: LSI53C1030 A0: Capabilities={Initiator}
[   12.080052] scsi host2: ioc0: LSI53C1030 A0, FwRev=00000000h, Ports=1, MaxQ=256, IRQ=20
[   12.554697] scsi 2:0:0:0: Direct-Access     VBOX     HARDDISK         1.0  PQ: 0 ANSI: 5
[   12.569140] scsi target2:0:0: Beginning Domain Validation
[   12.586992] scsi target2:0:0: Domain Validation skipping write tests
[   12.588182] scsi target2:0:0: Ending Domain Validation
[   12.589287] scsi target2:0:0: asynchronous
[   12.590666] scsi 2:0:1:0: Direct-Access     VBOX     HARDDISK         1.0  PQ: 0 ANSI: 5
[   12.592271] scsi target2:0:1: Beginning Domain Validation
[   13.049962] scsi target2:0:1: Domain Validation skipping write tests
[   13.433225] scsi target2:0:1: Ending Domain Validation
[   13.455421] scsi target2:0:1: asynchronous
[   13.470965] sd 2:0:0:0: Attached scsi generic sg0 type 0
[   13.474207] sd 2:0:1:0: Attached scsi generic sg1 type 0
[   13.474596] sd 2:0:0:0: [sda] 20971520 512-byte logical blocks: (10.7 GB/10.0 GiB)
[   13.507878] sd 2:0:1:0: [sdb] 20480 512-byte logical blocks: (10.5 MB/10.0 MiB)
[   13.546276] sd 2:0:0:0: [sda] Write Protect is off
[   13.553923] sd 2:0:0:0: [sda] Incomplete mode parameter data
[   13.554061] sd 2:0:1:0: [sdb] Write Protect is off
[   13.554192] sd 2:0:1:0: [sdb] Incomplete mode parameter data
[   13.554193] sd 2:0:1:0: [sdb] Assuming drive cache: write through
[   13.556397] sd 2:0:1:0: [sdb] Attached SCSI disk
[   13.600911] sd 2:0:0:0: [sda] Assuming drive cache: write through
[   13.609435]  sda: sda1
[   13.615328] sd 2:0:0:0: [sda] Attached SCSI disk
Begin: Loading e[   14.898997] md: linear personality registered for level -1
ssential drivers ... [   14.926029] md: multipath personality registered for level -4
[   14.941756] md: raid0 personality registered for level 0
[   14.969869] md: raid1 personality registered for level 1
[   15.096407] raid6: sse2x1   gen()  3441 MB/s
[   15.164640] raid6: sse2x1   xor()  4653 MB/s
[   15.232296] raid6: sse2x2   gen()  9309 MB/s
[   15.300265] raid6: sse2x2   xor()  9637 MB/s
[   15.368932] raid6: sse2x4   gen() 16142 MB/s
[   15.436760] raid6: sse2x4   xor()  9934 MB/s
[   15.505812] raid6: avx2x1   gen()  4097 MB/s
[   15.576278] raid6: avx2x2   gen() 22369 MB/s
[   15.665945] raid6: avx2x4   gen() 28303 MB/s
[   15.669330] raid6: using algorithm avx2x4 gen() 28303 MB/s
[   15.679342] raid6: using avx2x2 recovery algorithm
[   15.695062] xor: automatically using best checksumming function:
[   15.744480]    avx       : 24004.000 MB/sec
[   15.758139] async_tx: api initialized (async)
[   15.799091] md: raid6 personality registered for level 6
[   15.807587] md: raid5 personality registered for level 5
[   15.830035] md: raid4 personality registered for level 4
[   15.849945] md: raid10 personality registered for level 10
done.
Begin: Running /scripts/init-premount ... done.
Begin: Mounting root file system ... Begin: Running /scripts/local-top ... done.
Begin: Running /scripts/local-premount [   15.880327] Btrfs loaded
... Scanning for Btrfs filesystems
done.
Warning: fsck not present, so skipping root file[   15.911258] EXT4-fs (sda1): mounted filesystem with ordered data mode. Opts: (null)
 system
done.
Begin: Running /scripts/local-bottom ... done.
Begin: Running /scripts/init-bottom ... done.
[   16.059761] systemd[1]: systemd 229 running in system mode. (+PAM +AUDIT +SELINUX +IMA +APPARMOR +SMACK +SYSVINIT +UTMP +LIBCRYPTSETUP +GCRYPT +GNUTLS +ACL +XZ -LZ4 +SECCOMP +BLKID +ELFUTILS +KMOD -IDN)
[   16.146459] systemd[1]: Detected virtualization oracle.
[   16.147734] systemd[1]: Detected architecture x86-64.

Welcome to [1mUbuntu 16.04.4 LTS[0m!

[   16.163174] systemd[1]: Set hostname to <ubuntu>.
[   16.201032] systemd[1]: Initializing machine ID from random generator.
[   16.231511] systemd[1]: Installed transient /etc/machine-id file.
[   16.398568] systemd[1]: Listening on Journal Socket (/dev/log).
[[0;32m  OK  [0m] Listening on Journal Socket (/dev/log).
[   16.445420] systemd[1]: Created slice System Slice.
[[0;32m  OK  [0m] Created slice System Slice.
[   16.478889] systemd[1]: Reached target Swap.
[[0;32m  OK  [0m] Reached target Swap.
[   16.520746] systemd[1]: Listening on udev Control Socket.
[[0;32m  OK  [0m] Listening on udev Control Socket.
[   16.538475] systemd[1]: Reached target System Time Synchronized.
[[0;32m  OK  [0m] Reached target System Time Synchronized.
[   16.554704] systemd[1]: Created slice User and Session Slice.
[[0;32m  OK  [0m] Created slice User and Session Slice.
[   16.583450] systemd[1]: Listening on Journal Socket.
[[0;32m  OK  [0m] Listening on Journal Socket.
[   16.608658] systemd[1]: Starting Uncomplicated firewall...
         Starting Uncomplicated firewall...
[   16.632011] systemd[1]: Mounting POSIX Message Queue File System...
         Mounting POSIX Message Queue File System...
[   16.647721] systemd[1]: Starting Nameserver information manager...
         Starting Nameserver information manager...
[   16.665818] systemd[1]: Mounting Huge Pages File System...
         Mounting Huge Pages File System...
[   16.729504] systemd[1]: Starting Create list of required static device nodes for the current kernel...
         Starting Create list of required st... nodes for the current kernel...
[   16.816954] systemd[1]: Mounting Debug File System...
         Mounting Debug File System...
[   16.834429] systemd[1]: Set up automount Arbitrary Executable File Formats File System Automount Point.
[[0;32m  OK  [0m] Set up automount Arbitrary Executab...ats File System Automount Point.
[   16.887634] systemd[1]: Started Forward Password Requests to Wall Directory Watch.
[[0;32m  OK  [0m] Started Forward Password Requests to Wall Directory Watch.
[   16.929690] systemd[1]: Started Trigger resolvconf update for networkd DNS.
[[0;32m  OK  [0m] Started Trigger resolvconf update for networkd DNS.
[   17.008799] systemd[1]: Listening on LVM2 metadata daemon socket.
[[0;32m  OK  [0m] Listening on LVM2 metadata daemon socket.
[   17.033146] systemd[1]: Listening on Syslog Socket.
[[0;32m  OK  [0m] Listening on Syslog Socket.
[   17.089626] systemd[1]: Reached target Encrypted Volumes.
[[0;32m  OK  [0m] Reached target Encrypted Volumes.
[   17.176144] systemd[1]: Listening on /dev/initctl Compatibility Named Pipe.
[[0;32m  OK  [0m] Listening on /dev/initctl Compatibility Named Pipe.
[   17.241292] systemd[1]: Listening on udev Kernel Socket.
[[0;32m  OK  [0m] Listening on udev Kernel Socket.
[   17.309584] systemd[1]: Listening on Device-mapper event daemon FIFOs.
[[0;32m  OK  [0m] Listening on Device-mapper event daemon FIFOs.
[   17.392860] systemd[1]: Starting Monitoring of LVM2 mirrors, snapshots etc. using dmeventd or progress polling...
[   17.396728] random: nonblocking pool is initialized
         Starting Monitoring of LVM2 mirrors... dmeventd or progress polling...
[   17.483019] systemd[1]: Reached target User and Group Name Lookups.
[[0;32m  OK  [0m] Reached target User and Group Name Lookups.
[   17.529337] systemd[1]: Listening on LVM2 poll daemon socket.
[[0;32m  OK  [0m] Listening on LVM2 poll daemon socket.
[   17.588993] systemd[1]: Starting Set console keymap...
         Starting Set console keymap...
[   17.625398] systemd[1]: Starting Remount Root and Kernel File Systems...
[   17.630146] EXT4-fs (sda1): re-mounted. Opts: (null)
         Starting Remount Root and Kernel File Systems...
[   17.649910] systemd[1]: Listening on Journal Audit Socket.
[[0;32m  OK  [0m] Listening on Journal Audit Socket.
[   17.672896] systemd[1]: Starting Journal Service...
         Starting Journal Service...
[   17.695970] systemd[1]: Starting Load Kernel Modules...
         Startin[   17.762863] Loading iSCSI transport class v2.0-870.
g Load Kernel Modules...
[   17.828869] systemd[1]: Created slice system-serial\x2dgetty.slice.
[[0;32m  OK  [[   17.836476] iscsi: registered transport (tcp)
0m] Created slice system-serial\x2dgetty.slice.
[   17.881371] systemd[1]: Reached target Slices.
[[0;32m  OK  [0m] Reached target Slices.
[   17.903874] systemd[1]: Mounted Debug File System.
[[0;32m  OK  [0m] Mounted Debug File System.
[   17.913124] systemd[1]: Mounted POSIX Message Queue File System.
[[0;32m  OK  [0m] Mounted POSIX Message Queue File System.
[   17.934916] iscsi: registered transport (iser)
[   18.416410] systemd[1]: Mounted Huge Pages File System.
[[0;32m  OK  [0m] Mounted Huge Pages File System.
[   18.456499] systemd[1]: Started Journal Service.
[[0;32m  OK  [0m] Started Journal Service.
[[0;32m  OK  [0m] Started Uncomplicated firewall.
[[0;32m  OK  [0m] Started Create list of required sta...ce nodes for the current kernel.
[[0;32m  OK  [0m] Started Set console keymap.
[[0;32m  OK  [0m] Started Remount Root and Kernel File Systems.
[[0;32m  OK  [0m] Started Load Kernel Modules.
[[0;32m  OK  [0m] Started Nameserver information manager.
[[0;32m  OK  [0m] Started LVM2 metadata daemon.
         Starting Apply Kernel Variables...
         Mounting FUSE Control File System...
         Starting Load/Save Random Seed...
         Starting udev Coldplug all Devices...
         Starting Create Static Device Nodes in /dev...
         Starting Flush Journal to Persistent Storage...
[[0;32m  OK  [0m] Mounted FUSE Control File System.
[[0;32m  OK  [0m] Started Apply Kernel Variables.
[[0;32m  OK  [0m] Started Load/Save Random Seed.
[[0;32m  OK  [0m] Started Create Static Device Nodes in /dev.
[[0;32m  OK  [0m] Started udev Coldplug all Devices.
[[0;32m  OK  [0m] Started Flush Journal to Persistent Storage.
         Starting udev Kernel Device Manager...
[[0;32m  OK  [0m] Started udev Kernel Device Manager.
[[0;32m  OK  [0m] Started Dispatch Password Requests to Console Directory Watch.
[[0;32m  OK  [0m] Found device /dev/ttyS0.
[[0;32m  OK  [0m] Started Monitoring of LVM2 mirrors,...ng dmeventd or progress polling.
[[0;32m  OK  [0m] Listening on Load/Save RF Kill Switch Status /dev/rfkill Watch.
[[0;32m  OK  [0m] Reached target Local File Systems (Pre).
[[0;32m  OK  [0m] Reached target Local File Systems.
         Starting Tell Plymouth To Write Out Runtime Data...
         Starting Create Volatile Files and Directories...
         Starting Set console font and keymap...
         Starting Commit a transient machine-id on disk...
         Starting LSB: AppArmor initialization...
         Starting Initial cloud-init job (pre-networking)...
[[0;32m  OK  [0m] Started Tell Plymouth To Write Out Runtime Data.
[[0;32m  OK  [0m] Started Create Volatile Files and Directories.
[[0;32m  OK  [0m] Started Commit a transient machine-id on disk.
         Starting Update UTMP about System Boot/Shutdown...
[[0;32m  OK  [0m] Started Set console font and keymap.
[[0;32m  OK  [0m] Started Update UTMP about System Boot/Shutdown.
[[0;32m  OK  [0m] Created slice system-getty.slice.
[   17.001111] cloud-init[659]: Cloud-init v. 18.2 running 'init-local' at Tue, 21 Aug 2018 18:34:17 +0000. Up 16.73 seconds.
[[0;32m  OK  [0m] Started LSB: AppArmor initialization.
[[0;32m  OK  [0m] Started Initial cloud-init job (pre-networking).
[[0;32m  OK  [0m] Reached target Network (Pre).
         Starting Raise network interfaces...
[[0;32m  OK  [0m] Started Raise network interfaces.
[[0;32m  OK  [0m] Reached target Network.
         Starting Initial cloud-init job (metadata service crawler)...
[   18.787606] cloud-init[959]: Cloud-init v. 18.2 running 'init' at Tue, 21 Aug 2018 18:34:19 +0000. Up 17.83 seconds.
[   18.838624] cloud-init[959]: ci-info: +++++++++++++++++++++++++++++++++++++Net device info++++++++++++++++++++++++++++++++++++++
[   18.842216] cloud-init[959]: ci-info: +--------+------+----------------------------+---------------+-------+-------------------+
[   18.867058] cloud-init[959]: ci-info: | Device |  Up  |          Address           |      Mask     | Scope |     Hw-Address    |
[   18.894532] cloud-init[959]: ci-info: +--------+------+----------------------------+---------------+-------+-------------------+
[   18.943068] [[0;32m  OK  [0m] Started Initial cloud-init job (metadata service crawler).
[[0;32m  OK  [0m] Reached target Network is Online.
cloud-init[959]: ci-info: | enp0s3 | True |         10.0.2.15          | 255.255.255.0 |   .   | 02:40:c1:fa:9b:f5 |
         Starting iSCSI initiator daemon (iscsid)...
[[0;32m  OK  [0m] Reached target System Initialization.
[[0;32m  OK  [0m] Started Daily Cleanup of Temporary Directories.
[[0;32m  OK  [0m] Started Daily apt download activities.
[[0;32m  OK  [0m] Listening on ACPID Listen Socket.
[[0;32m  OK  [0m] Started Daily apt upgrade and clean activities.
[   18.996311] cloud-init[959]: ci-info: | enp0s3 | True | fe80::40:c1ff:fefa:9bf5/64 |       .       |  link | 02:40:c1:fa:9b:f5 |
[   19.192503]          cloud-initStarting Socket activation for snappy daemon.[959]: 
ci-info: |   lo   | True |         127.0.0.1          |   255.0.0.0   |   .   |         .         |
[   19.264487] cloud-init[[0;32m  OK  [0m] Listening on D-Bus System Message Bus Socket.
[[0;32m  OK  [0m] Listening on UUID daemon activation socket.
[[0;32m  OK  [0m] Reached target Timers.
[959]: ci-info: |   lo   | True |          ::1/128           |       .       |  host |         .         |
[   19.414242]          Starting LXD - unix socket.
cloud-init[959]: ci-info: +--------+------+----------------------------+---------------+-------+-------------------+
[   19.484864] [[0;32m  OK  [0m] Started ACPI Events Check.
[[0;32m  OK  [0m] Reached target Paths.
[[0;32m  OK  [0m] Reached target Cloud-config availability.
cloud-init[959]: ci-info: +++++++++++++++++++++++++++Route IPv4 info++++++++++++++++++++++++++++
[   19.491831] cloud-init[959]: ci-info: +-------+-------------+----------+---------------+-----------+-------+
[   19.501053] [[0;32m  OK  [0m] Listening on Socket activation for snappy daemon.
[[0;32m  OK  [0m] Listening on LXD - unix socket.
cloud-init[959]: ci-info: | Route | Destination | Gateway  |    Genmask    | Interface | Flags |
[   19.525639] [[0;32m  OK  [0m] Started iSCSI initiator daemon (iscsid).
cloud-init[959]: ci-info: +-------+-------------+----------+---------------+-----------+-------+
[   19.600799]          cloud-initStarting Login to default iSCSI targets...[959]: 
ci-info: |   0   |   0.0.0.0   | 10.0.2.2 |    0.0.0.0    |   enp0s3  |   UG  |
[   19.653218] [[0;32m  OK  [0m] Reached target Sockets.
[[0;32m  OK  [0m] Reached target Basic System.
cloud-init[959]: ci-info: |   1   |   10.0.2.0  | 0.0.0.0  | 255.255.255.0 |   enp0s3  |   U   |
[   19.675015] [[0;32m  OK  [0m] Started ACPI event daemon.
         Starting Virtualbox guest utils...
         Starting LXD - container startup/shutdown...
         Starting LSB: Record successful boot for GRUB...
         Starting System Logging Service...
cloud-init[959]: ci-info: +-------+-------------+----------+---------------+-----------+-------+
[[0;32m  OK  [0m] Started D-Bus System Message Bus.
[   19.700388] cloud-init[959]: Generating public/private rsa key pair.
[   19.710440] cloud-init[959]: Your identification has been saved in /etc/ssh/ssh_host_rsa_key.
[   19.712917] cloud-init[959]: Your public key has been saved in /etc/ssh/ssh_host_rsa_key.pub.
[   19.756353]          Starting LSB: MD monitoring daemon...
cloud-init[959]: The key fingerprint is:
[   19.769140]          cloud-initStarting Pollinate to seed the pseudo random number generator...[959]: 
SHA256:6EaabkhdqFpcWZYTH+IUZM2hpO9bjgJ/m2QtDkyEsy8 root@ubuntu-xenial
         Starting Accounts Service...
[   19.796553] cloud-init[959]: The key's randomart image is:
[   19.811018] [[0;32m  OK  [0m] Started Unattended Upgrades Shutdown.
cloud-init[959]: +---[RSA 2048]----+
[   19.826148] [[0;32m  OK  [0m] Started Deferred execution scheduler.
cloud-init[959]: |     .O*o.       |
[   19.847592] [cloud-init[0;32m  OK  [0m[959]: ] |   . *=+o.       |Started Regular background program processing daemon.

         Starting Apply the settings specified in cloud-config...
[   19.897182] cloud-init[959]: |  o o=o..        |
         Starting /etc/rc.local Compatibility...
[   19.933262] cloud-init[959]: |   ++...         |
[   19.944627] [[0;32m  OK  [0m] cloud-initStarted FUSE filesystem for LXC.[959]: 
| ..+..+ S        |         Starting Login Service...

         Starting Snappy daemon...
[[0;32m  OK  [0m] Started System Logging Service.
[[0;32m  OK  [0m] Started LXD - container startup/shutdown.
[[0;32m  OK  [0m] Started /etc/rc.local Compatibility.
[   19.980617] cloud-init[959]: |  *+.* .         |
[   19.990102] cloud-init[959]: | +E+* B o        |
[   19.992071] cloud-init[959]: |. .o+*.B         |
[   19.996650] cloud-init[959]: |   ..o*..        |
[   20.002579] cloud-init[959]: +----[SHA256]-----+
[   20.006947] cloud-init[959]: Generating public/private dsa key pair.
[[   20.045416] cloud-init[959]: Your identification has been saved in /etc/ssh/ssh_host_dsa_key.
[   20.045890] cloud-init[959]: Your public key has been saved in /etc/ssh/ssh_host_dsa_key.pub.
[   20.045928] cloud-init[959]: The key fingerprint is:
[   20.045957] cloud-init[959]: SHA256:/3lx2HMUIVcw/5UWfMfyxirfLN2dbSd8/vU0YBqQ91I root@ubuntu-xenial
[   20.045986] cloud-init[959]: The key's randomart image is:
[   20.046032] cloud-init[959]: +---[DSA 1024]----+
[   20.046060] cloud-init[959]: |             .+*+|
[   20.046088] cloud-init[959]: |          .   +=*|
[   20.046115] cloud-init[959]: |         o . E **|
[   20.046143] cloud-init[959]: |          o o . B|
[   20.046167] cloud-init[959]: |        S  o + *.|
[   20.046194] cloud-init[959]: |         .  * =.+|
[   20.046222] cloud-init[959]: |          .. + BX|
[   20.046247] cloud-init[959]: |           . .*o#|
[   20.046273] cloud-init[959]: |            o. **|
[   20.046302] cloud-init[959]: +----[SHA256]-----+
[   20.046330] cloud-init[959]: Generating public/private ecdsa key pair.
[   20.046357] cloud-init[959]: Your identification has been saved in /etc/ssh/ssh_host_ecdsa_key.
[   20.046385] cloud-init[959]: Your public key has been saved in /etc/ssh/ssh_host_ecdsa_key.pub.
[   20.046410] cloud-init[959]: The key fingerprint is:
[   20.046435] cloud-init[959]: SHA256:qv9F6KCKIRVyoW3ArPMMvyPP0proZrS5HyOfCxnO9ow root@ubuntu-xenial
[   20.046460] cloud-init[959]: The key's randomart image is:
[   20.046487] cloud-init[959]: +---[ECDSA 256]---+
[   20.046515] cloud-init[959]: |+ .              |
[   20.046539] cloud-init[959]: | * .             |
[   20.046566] cloud-init[959]: |+ =              |
[   20.046590] cloud-init[959]: |++ .     .       |
[   20.046616] cloud-init[959]: | B.   . S .      |
[   20.046640] cloud-init[959]: |oo*  . + .       |
[   20.046667] cloud-init[959]: |+Oo+. . . .      |
[   20.046692] cloud-init[959]: |*X@.+.   .       |
[   20.046719] cloud-init[959]: |OE*Oo....        |
[   20.046743] cloud-init[959]: +----[SHA256]-----+
[   20.046769] cloud-init[959]: Generating public/private ed25519 key pair.
[   20.046798] cloud-init[959]: Your identification has been saved in /etc/ssh/ssh_host_ed25519_key.
[   20.046823] cloud-init[959]: Your public key has been saved in /etc/ssh/ssh_host_ed25519_key.pub.
[   20.046849] cloud-init[959]: The key fingerprint is:
[   20.046873] cloud-init[959]: SHA256:lVdNKWPOjm9vyI2MVbhYHRzgxYiPqKb+UxCFJ1FB2VU root@ubuntu-xenial
[   20.046899] cloud-init[959]: The key's randomart image is:
[   20.046923] cloud-init[959]: +--[ED25519 256]--+
[   20.046949] cloud-init[959]: |       .*=+ ooBE+|
[   20.046974] cloud-init[959]: |       + o +.*.=.|
[   20.047000] cloud-init[959]: |        + + B.= .|
[   20.047024] cloud-init[959]: |       . o o * o |
[   20.047050] cloud-init[959]: |        S   = o  |
[   20.047075] cloud-init[959]: |       o . o +   |
[   20.047102] cloud-init[959]: |      o .   * +  |
[   20.047127] cloud-init[959]: |     . .   . B o |
[   20.047395] cloud-init[959]: |    .....   . o. |
[   20.047429] cloud-init[959]: +----[SHA256]-----+
[0;32m  OK  [0m] Started LSB: MD monitoring daemon.
[[   20.486167] cloud-init[1133]: Generating locales (this might take a while)...
[   21.296345] cloud-init[1133]:   en_US.UTF-8... done
[   21.296646] cloud-init[1133]: Generation complete.
[0;32m  OK  [0m] Started Virtualbox guest utils.
[[0;32m  OK  [0m] Started LSB: Record successful boot for GRUB.
[[0;32m  OK  [0m] Started Login to default iSCSI targets.
[[0;32m  OK  [0m] Started Snappy daemon.
         Starting Authenticate and Authorize Users to Run Privileged Tasks...
         Starting Wait until snapd is fully seeded...
[[0;32m  OK  [0m] Reached target Remote File Systems (Pre).
[[0;32m  OK  [0m] Reached target Remote File Systems.
         Starting LSB: daemon to balance interrupts for SMP systems...
         Starting Permit User Sessions...
         Starting LSB: automatic crash report generation...
         Starting LSB: Set the CPU Frequency Scaling governor to "ondemand"...
[[0;32m  OK  [0m] Started Permit User Sessions.
[[0;32m  OK  [0m] Started Login Service.
[[0;32m  OK  [0m] Started Authenticate and Authorize Users to Run Privileged Tasks.
[[0;32m  OK  [0m] Started Accounts Service.
         Starting Terminate Plymouth Boot Screen...
         Starting Hold until boot process finishes up...
[[0;32m  OK  [0m] Started LSB: daemon to balance interrupts for SMP systems.
[[0;32m  OK  [0m] Started LSB: automatic crash report generation.
[[0;32m  OK  [0m] Started LSB: Set the CPU Frequency Scaling governor to "ondemand".
[[0;32m  OK  [0m] Started Terminate Plymouth Boot Screen.
[[0;32m  OK  [0m] Started Hold until boot process finishes up.
[[0;32m  OK  [0m] Started Serial Getty on ttyS0.
         Starting Set console scheme...
[[0;32m  OK  [0m] Started Getty on tty1.
[[0;32m  OK  [0m] Reached target Login Prompts.
[[0;32m  OK  [0m] Started Set console scheme.
[   21.629641] cloud-init[1133]: Cloud-init v. 18.2 running 'modules:config' at Tue, 21 Aug 2018 18:34:21 +0000. Up 20.32 seconds.
[[0;32m  OK  [0m] Started Apply the settings specified in cloud-config.

Ubuntu 16.04.4 LTS ubuntu-xenial ttyS0

ubuntu-xenial login: ci-info: no authorized ssh keys fingerprints found for user ubuntu.
<14>Aug 21 18:34:41 ec2: 
<14>Aug 21 18:34:41 ec2: #############################################################
<14>Aug 21 18:34:41 ec2: -----BEGIN SSH HOST KEY FINGERPRINTS-----
<14>Aug 21 18:34:41 ec2: 1024 SHA256:/3lx2HMUIVcw/5UWfMfyxirfLN2dbSd8/vU0YBqQ91I root@ubuntu-xenial (DSA)
<14>Aug 21 18:34:41 ec2: 256 SHA256:qv9F6KCKIRVyoW3ArPMMvyPP0proZrS5HyOfCxnO9ow root@ubuntu-xenial (ECDSA)
<14>Aug 21 18:34:41 ec2: 256 SHA256:lVdNKWPOjm9vyI2MVbhYHRzgxYiPqKb+UxCFJ1FB2VU root@ubuntu-xenial (ED25519)
<14>Aug 21 18:34:41 ec2: 2048 SHA256:6EaabkhdqFpcWZYTH+IUZM2hpO9bjgJ/m2QtDkyEsy8 root@ubuntu-xenial (RSA)
<14>Aug 21 18:34:41 ec2: -----END SSH HOST KEY FINGERPRINTS-----
<14>Aug 21 18:34:41 ec2: #############################################################
-----BEGIN SSH HOST KEY KEYS-----
ecdsa-sha2-nistp256 AAAAE2VjZHNhLXNoYTItbmlzdHAyNTYAAAAIbmlzdHAyNTYAAABBBKzjdPuOZbbtfl0ssW0NeSAutHWdSMSdLgCt8YilZbsnGvzc2rwZjqgwOwmljI56pkHA24BODgFWcuXnb1yHZvQ= root@ubuntu-xenial
ssh-ed25519 AAAAC3NzaC1lZDI1NTE5AAAAIHkfyyemI2ucrj6YZAJ+UaVxSWTLKAguYhjaOo1KZJcS root@ubuntu-xenial
ssh-rsa AAAAB3NzaC1yc2EAAAADAQABAAABAQDJ2up5lA4ZsU+nA27KKlYpnBBq4I/TrzrZJ57iyELBA+OXJHwFWSA7U2p/AC+FM3O4IkR91Av+sXyO4TZ9+d1n+c9mDXh+lsPzLaSmuDze+3IzXRgFmb0TYDZ963hhhgtPhD7Ijw1PxkSLmDQpfcf/0VU/c9UJJy2Il4JTPn4DLnG9V8PHCMrP++9vcRBnqpdeoqRORT86mwdOQ9VMYvz1rWB8LI1YRdwF+BW+SJPMrAhA89yU5xB54906JBYfYKw9hxS2WgAUg7M3Oi9Nuuc3/310oCQRgP1vJeodjYAbFtCc4Gf4T0OjcmuaSgvb1CnT1HKGzUZUiE5WvK6guR61 root@ubuntu-xenial
-----END SSH HOST KEY KEYS-----
[   39.785160] cloud-init[1669]: Cloud-init v. 18.2 running 'modules:final' at Tue, 21 Aug 2018 18:34:40 +0000. Up 39.65 seconds.
[   39.785293] cloud-init[1669]: ci-info: no authorized ssh keys fingerprints found for user ubuntu.
[   39.785367] cloud-init[1669]: Cloud-init v. 18.2 finished at Tue, 21 Aug 2018 18:34:41 +0000. Datasource DataSourceNoCloud [seed=/dev/sdb][dsmode=net].  Up 39.77 seconds
